<?xml version="1.0" encoding="UTF-8"?>
<!-- Generated by org.testng.reporters.JUnitReportReporter -->
<testsuite hostname="LTIN291347" failures="0" tests="3" name="com.zigweels.testupcommingbikes.NewBikesTest" time="104.331" errors="0" timestamp="2022-03-16T11:51:26 IST" skipped="0">
  <testcase classname="com.zigweels.testupcommingbikes.NewBikesTest" name="Test1" time="29.101"/>
  <system-out/>
  <testcase classname="com.zigweels.testupcommingbikes.NewBikesTest" name="Test2" time="30.206"/>
  <system-out/>
  <testcase classname="com.zigweels.testupcommingbikes.NewBikesTest" name="Test3" time="45.024"/>
  <system-out/>
</testsuite> <!-- com.zigweels.testupcommingbikes.NewBikesTest -->
