<?xml version="1.0" encoding="UTF-8"?>
<!-- Generated by org.testng.reporters.JUnitReportReporter -->
<testsuite hostname="LTIN291347" failures="0" tests="1" name="coms.selenium.hackathon.TestCases" time="6.330" errors="0" timestamp="2022-03-10T23:30:16 IST" skipped="0">
  <testcase classname="coms.selenium.hackathon.TestCases" name="testTwo" time="6.330"/>
  <system-out/>
</testsuite> <!-- coms.selenium.hackathon.TestCases -->
