<?xml version="1.0" encoding="UTF-8"?>
<!-- Generated by org.testng.reporters.JUnitReportReporter -->
<testsuite hostname="LTIN291347" failures="0" tests="3" name="com.zigwheels.testlogin.LoginTest" time="34.818" errors="0" timestamp="2022-03-16T11:51:26 IST" skipped="0">
  <testcase classname="com.zigwheels.testlogin.LoginTest" name="testOne" time="12.199"/>
  <system-out/>
  <testcase classname="com.zigwheels.testlogin.LoginTest" name="testTwo" time="10.743"/>
  <system-out/>
  <testcase classname="com.zigwheels.testlogin.LoginTest" name="testThree" time="11.876"/>
  <system-out/>
</testsuite> <!-- com.zigwheels.testlogin.LoginTest -->
